2015-09-04 18:35:15 Error: Fatal Error (1): Maximum execution time of 120 seconds exceeded in [C:\wamp\www\cobranza\lib\Cake\Model\Datasource\DboSource.php, line 458]
2015-09-04 18:35:15 Error: [FatalErrorException] Maximum execution time of 120 seconds exceeded
Request URL: /cobranza/gestion/admin_index
Stack Trace:
#0 C:\wamp\www\cobranza\lib\Cake\Error\ErrorHandler.php(203): ErrorHandler::handleFatalError(1, 'Maximum executi...', 'C:\\wamp\\www\\cob...', 458)
#1 [internal function]: ErrorHandler::handleError(1, 'Maximum executi...', 'C:\\wamp\\www\\cob...', 458, Array)
#2 C:\wamp\www\cobranza\lib\Cake\Core\App.php(931): call_user_func('ErrorHandler::h...', 1, 'Maximum executi...', 'C:\\wamp\\www\\cob...', 458, Array)
#3 C:\wamp\www\cobranza\lib\Cake\Core\App.php(904): App::_checkFatalError()
#4 [internal function]: App::shutdown()
#5 {main}
2015-09-04 18:35:16 Error: Fatal Error (1): Maximum execution time of 120 seconds exceeded in [C:\wamp\www\cobranza\lib\Cake\Model\Datasource\CakeSession.php, line 661]
2015-09-04 18:35:16 Error: [FatalErrorException] Maximum execution time of 120 seconds exceeded
Request URL: /cobranza/users/logout
Stack Trace:
#0 C:\wamp\www\cobranza\lib\Cake\Error\ErrorHandler.php(203): ErrorHandler::handleFatalError(1, 'Maximum executi...', 'C:\\wamp\\www\\cob...', 661)
#1 [internal function]: ErrorHandler::handleError(1, 'Maximum executi...', 'C:\\wamp\\www\\cob...', 661, Array)
#2 C:\wamp\www\cobranza\lib\Cake\Core\App.php(931): call_user_func('ErrorHandler::h...', 1, 'Maximum executi...', 'C:\\wamp\\www\\cob...', 661, Array)
#3 C:\wamp\www\cobranza\lib\Cake\Core\App.php(904): App::_checkFatalError()
#4 [internal function]: App::shutdown()
#5 {main}
2015-09-04 18:35:16 Error: Fatal Error (1): Maximum execution time of 120 seconds exceeded in [C:\wamp\www\cobranza\lib\Cake\Model\Datasource\CakeSession.php, line 661]
2015-09-04 18:35:16 Error: [FatalErrorException] Maximum execution time of 120 seconds exceeded
Request URL: /cobranza/users/logout
Stack Trace:
#0 C:\wamp\www\cobranza\lib\Cake\Error\ErrorHandler.php(203): ErrorHandler::handleFatalError(1, 'Maximum executi...', 'C:\\wamp\\www\\cob...', 661)
#1 [internal function]: ErrorHandler::handleError(1, 'Maximum executi...', 'C:\\wamp\\www\\cob...', 661, Array)
#2 C:\wamp\www\cobranza\lib\Cake\Core\App.php(931): call_user_func('ErrorHandler::h...', 1, 'Maximum executi...', 'C:\\wamp\\www\\cob...', 661, Array)
#3 C:\wamp\www\cobranza\lib\Cake\Core\App.php(904): App::_checkFatalError()
#4 [internal function]: App::shutdown()
#5 {main}
2015-09-04 18:35:16 Error: Fatal Error (1): Maximum execution time of 120 seconds exceeded in [C:\wamp\www\cobranza\lib\Cake\Model\Datasource\CakeSession.php, line 661]
2015-09-04 18:35:16 Error: [FatalErrorException] Maximum execution time of 120 seconds exceeded
Request URL: /cobranza/users/logout
Stack Trace:
#0 C:\wamp\www\cobranza\lib\Cake\Error\ErrorHandler.php(203): ErrorHandler::handleFatalError(1, 'Maximum executi...', 'C:\\wamp\\www\\cob...', 661)
#1 [internal function]: ErrorHandler::handleError(1, 'Maximum executi...', 'C:\\wamp\\www\\cob...', 661, Array)
#2 C:\wamp\www\cobranza\lib\Cake\Core\App.php(931): call_user_func('ErrorHandler::h...', 1, 'Maximum executi...', 'C:\\wamp\\www\\cob...', 661, Array)
#3 C:\wamp\www\cobranza\lib\Cake\Core\App.php(904): App::_checkFatalError()
#4 [internal function]: App::shutdown()
#5 {main}
2015-09-08 17:00:41 Error: Fatal Error (1): Maximum execution time of 120 seconds exceeded in [C:\wamp\www\cobranza\lib\Cake\Model\Datasource\DboSource.php, line 458]
2015-09-08 17:00:41 Error: [FatalErrorException] Maximum execution time of 120 seconds exceeded
Request URL: /cobranza/gestion/admin_index
Stack Trace:
#0 C:\wamp\www\cobranza\lib\Cake\Error\ErrorHandler.php(203): ErrorHandler::handleFatalError(1, 'Maximum executi...', 'C:\\wamp\\www\\cob...', 458)
#1 [internal function]: ErrorHandler::handleError(1, 'Maximum executi...', 'C:\\wamp\\www\\cob...', 458, Array)
#2 C:\wamp\www\cobranza\lib\Cake\Core\App.php(931): call_user_func('ErrorHandler::h...', 1, 'Maximum executi...', 'C:\\wamp\\www\\cob...', 458, Array)
#3 C:\wamp\www\cobranza\lib\Cake\Core\App.php(904): App::_checkFatalError()
#4 [internal function]: App::shutdown()
#5 {main}
2015-09-08 17:00:42 Error: Fatal Error (1): Maximum execution time of 120 seconds exceeded in [C:\wamp\www\cobranza\lib\Cake\Model\Datasource\CakeSession.php, line 661]
2015-09-08 17:00:42 Error: [FatalErrorException] Maximum execution time of 120 seconds exceeded
Request URL: /cobranza/users/logout
Stack Trace:
#0 C:\wamp\www\cobranza\lib\Cake\Error\ErrorHandler.php(203): ErrorHandler::handleFatalError(1, 'Maximum executi...', 'C:\\wamp\\www\\cob...', 661)
#1 [internal function]: ErrorHandler::handleError(1, 'Maximum executi...', 'C:\\wamp\\www\\cob...', 661, Array)
#2 C:\wamp\www\cobranza\lib\Cake\Core\App.php(931): call_user_func('ErrorHandler::h...', 1, 'Maximum executi...', 'C:\\wamp\\www\\cob...', 661, Array)
#3 C:\wamp\www\cobranza\lib\Cake\Core\App.php(904): App::_checkFatalError()
#4 [internal function]: App::shutdown()
#5 {main}
2015-09-09 11:53:05 Error: [MissingTableException] Table permisos for model Permiso was not found in datasource default.
Exception Attributes: array (
  'table' => 'permisos',
  'class' => 'Permiso',
  'ds' => 'default',
)
Request URL: /cobranza/cobranza/
Stack Trace:
#0 C:\wamp\www\cobranza\cobranza\lib\Cake\Model\Model.php(3566): Model->setSource('permisos')
#1 C:\wamp\www\cobranza\cobranza\lib\Cake\Model\Model.php(2947): Model->getDataSource()
#2 C:\wamp\www\cobranza\cobranza\lib\Cake\Model\Model.php(2919): Model->_readDataSource('first', Array)
#3 C:\wamp\www\cobranza\cobranza\app\Controller\AppController.php(115): Model->find('first', Array)
#4 C:\wamp\www\cobranza\cobranza\app\Controller\UsersController.php(20): AppController->beforeFilter()
#5 [internal function]: UsersController->beforeFilter(Object(CakeEvent))
#6 C:\wamp\www\cobranza\cobranza\lib\Cake\Event\CakeEventManager.php(242): call_user_func(Array, Object(CakeEvent))
#7 C:\wamp\www\cobranza\cobranza\lib\Cake\Controller\Controller.php(674): CakeEventManager->dispatch(Object(CakeEvent))
#8 C:\wamp\www\cobranza\cobranza\lib\Cake\Routing\Dispatcher.php(187): Controller->startupProcess()
#9 C:\wamp\www\cobranza\cobranza\lib\Cake\Routing\Dispatcher.php(165): Dispatcher->_invoke(Object(UsersController), Object(CakeRequest))
#10 C:\wamp\www\cobranza\cobranza\app\webroot\index.php(108): Dispatcher->dispatch(Object(CakeRequest), Object(CakeResponse))
#11 {main}
2015-09-09 11:56:00 Error: [MissingTableException] Table permisos for model Permiso was not found in datasource default.
Exception Attributes: array (
  'table' => 'permisos',
  'class' => 'Permiso',
  'ds' => 'default',
)
Request URL: /cobranza/cobranza/
Stack Trace:
#0 C:\wamp\www\cobranza\cobranza\lib\Cake\Model\Model.php(3566): Model->setSource('permisos')
#1 C:\wamp\www\cobranza\cobranza\lib\Cake\Model\Model.php(2947): Model->getDataSource()
#2 C:\wamp\www\cobranza\cobranza\lib\Cake\Model\Model.php(2919): Model->_readDataSource('first', Array)
#3 C:\wamp\www\cobranza\cobranza\app\Controller\AppController.php(115): Model->find('first', Array)
#4 C:\wamp\www\cobranza\cobranza\app\Controller\UsersController.php(20): AppController->beforeFilter()
#5 [internal function]: UsersController->beforeFilter(Object(CakeEvent))
#6 C:\wamp\www\cobranza\cobranza\lib\Cake\Event\CakeEventManager.php(242): call_user_func(Array, Object(CakeEvent))
#7 C:\wamp\www\cobranza\cobranza\lib\Cake\Controller\Controller.php(674): CakeEventManager->dispatch(Object(CakeEvent))
#8 C:\wamp\www\cobranza\cobranza\lib\Cake\Routing\Dispatcher.php(187): Controller->startupProcess()
#9 C:\wamp\www\cobranza\cobranza\lib\Cake\Routing\Dispatcher.php(165): Dispatcher->_invoke(Object(UsersController), Object(CakeRequest))
#10 C:\wamp\www\cobranza\cobranza\app\webroot\index.php(108): Dispatcher->dispatch(Object(CakeRequest), Object(CakeResponse))
#11 {main}
2015-09-09 19:24:28 Error: Fatal Error (4): syntax error, unexpected 'die' (T_EXIT), expecting function (T_FUNCTION) in [C:\wamp\www\cobranza\cobranza\app\Controller\GestionController.php, line 15]
2015-09-09 19:24:28 Error: [FatalErrorException] syntax error, unexpected 'die' (T_EXIT), expecting function (T_FUNCTION)
Request URL: /cobranza/cobranza/gestion/admin_index
Stack Trace:
#0 C:\wamp\www\cobranza\cobranza\lib\Cake\Error\ErrorHandler.php(203): ErrorHandler::handleFatalError(4, 'syntax error, u...', 'C:\wamp\www\cob...', 15)
#1 [internal function]: ErrorHandler::handleError(4, 'syntax error, u...', 'C:\wamp\www\cob...', 15, Array)
#2 C:\wamp\www\cobranza\cobranza\lib\Cake\Core\App.php(931): call_user_func('ErrorHandler::h...', 4, 'syntax error, u...', 'C:\wamp\www\cob...', 15, Array)
#3 C:\wamp\www\cobranza\cobranza\lib\Cake\Core\App.php(904): App::_checkFatalError()
#4 [internal function]: App::shutdown()
#5 {main}
2015-09-09 19:25:08 Error: Fatal Error (4): syntax error, unexpected 'die' (T_EXIT), expecting function (T_FUNCTION) in [C:\wamp\www\cobranza\cobranza\app\Controller\GestionController.php, line 15]
2015-09-09 19:25:08 Error: [FatalErrorException] syntax error, unexpected 'die' (T_EXIT), expecting function (T_FUNCTION)
Request URL: /cobranza/cobranza/gestion/admin_index
Stack Trace:
#0 C:\wamp\www\cobranza\cobranza\lib\Cake\Error\ErrorHandler.php(203): ErrorHandler::handleFatalError(4, 'syntax error, u...', 'C:\wamp\www\cob...', 15)
#1 [internal function]: ErrorHandler::handleError(4, 'syntax error, u...', 'C:\wamp\www\cob...', 15, Array)
#2 C:\wamp\www\cobranza\cobranza\lib\Cake\Core\App.php(931): call_user_func('ErrorHandler::h...', 4, 'syntax error, u...', 'C:\wamp\www\cob...', 15, Array)
#3 C:\wamp\www\cobranza\cobranza\lib\Cake\Core\App.php(904): App::_checkFatalError()
#4 [internal function]: App::shutdown()
#5 {main}
2015-09-09 19:26:02 Error: Fatal Error (4): syntax error, unexpected 'debug' (T_STRING), expecting function (T_FUNCTION) in [C:\wamp\www\cobranza\cobranza\app\Controller\GestionController.php, line 15]
2015-09-09 19:26:02 Error: [FatalErrorException] syntax error, unexpected 'debug' (T_STRING), expecting function (T_FUNCTION)
Request URL: /cobranza/cobranza/gestion/admin_index
Stack Trace:
#0 C:\wamp\www\cobranza\cobranza\lib\Cake\Error\ErrorHandler.php(203): ErrorHandler::handleFatalError(4, 'syntax error, u...', 'C:\wamp\www\cob...', 15)
#1 [internal function]: ErrorHandler::handleError(4, 'syntax error, u...', 'C:\wamp\www\cob...', 15, Array)
#2 C:\wamp\www\cobranza\cobranza\lib\Cake\Core\App.php(931): call_user_func('ErrorHandler::h...', 4, 'syntax error, u...', 'C:\wamp\www\cob...', 15, Array)
#3 C:\wamp\www\cobranza\cobranza\lib\Cake\Core\App.php(904): App::_checkFatalError()
#4 [internal function]: App::shutdown()
#5 {main}
2015-09-09 19:26:19 Error: Fatal Error (4): syntax error, unexpected 'exit' (T_EXIT), expecting function (T_FUNCTION) in [C:\wamp\www\cobranza\cobranza\app\Controller\GestionController.php, line 15]
2015-09-09 19:26:19 Error: [FatalErrorException] syntax error, unexpected 'exit' (T_EXIT), expecting function (T_FUNCTION)
Request URL: /cobranza/cobranza/gestion/admin_index
Stack Trace:
#0 C:\wamp\www\cobranza\cobranza\lib\Cake\Error\ErrorHandler.php(203): ErrorHandler::handleFatalError(4, 'syntax error, u...', 'C:\wamp\www\cob...', 15)
#1 [internal function]: ErrorHandler::handleError(4, 'syntax error, u...', 'C:\wamp\www\cob...', 15, Array)
#2 C:\wamp\www\cobranza\cobranza\lib\Cake\Core\App.php(931): call_user_func('ErrorHandler::h...', 4, 'syntax error, u...', 'C:\wamp\www\cob...', 15, Array)
#3 C:\wamp\www\cobranza\cobranza\lib\Cake\Core\App.php(904): App::_checkFatalError()
#4 [internal function]: App::shutdown()
#5 {main}
2015-09-09 19:26:28 Error: Fatal Error (4): syntax error, unexpected 'exit' (T_EXIT), expecting function (T_FUNCTION) in [C:\wamp\www\cobranza\cobranza\app\Controller\GestionController.php, line 13]
2015-09-09 19:26:28 Error: [FatalErrorException] syntax error, unexpected 'exit' (T_EXIT), expecting function (T_FUNCTION)
Request URL: /cobranza/cobranza/gestion/admin_index
Stack Trace:
#0 C:\wamp\www\cobranza\cobranza\lib\Cake\Error\ErrorHandler.php(203): ErrorHandler::handleFatalError(4, 'syntax error, u...', 'C:\wamp\www\cob...', 13)
#1 [internal function]: ErrorHandler::handleError(4, 'syntax error, u...', 'C:\wamp\www\cob...', 13, Array)
#2 C:\wamp\www\cobranza\cobranza\lib\Cake\Core\App.php(931): call_user_func('ErrorHandler::h...', 4, 'syntax error, u...', 'C:\wamp\www\cob...', 13, Array)
#3 C:\wamp\www\cobranza\cobranza\lib\Cake\Core\App.php(904): App::_checkFatalError()
#4 [internal function]: App::shutdown()
#5 {main}
2015-09-09 19:40:45 Error: [MissingModelException] ClientGest
Request URL: /cobranza/cobranza/gestion/admin_index
Stack Trace:
#0 C:\wamp\www\cobranza\cobranza\app\Controller\GestionController.php(52): PaginatorComponent->paginate('ClientGest')
#1 [internal function]: GestionController->admin_index()
#2 C:\wamp\www\cobranza\cobranza\lib\Cake\Controller\Controller.php(490): ReflectionMethod->invokeArgs(Object(GestionController), Array)
#3 C:\wamp\www\cobranza\cobranza\lib\Cake\Routing\Dispatcher.php(191): Controller->invokeAction(Object(CakeRequest))
#4 C:\wamp\www\cobranza\cobranza\lib\Cake\Routing\Dispatcher.php(165): Dispatcher->_invoke(Object(GestionController), Object(CakeRequest))
#5 C:\wamp\www\cobranza\cobranza\app\webroot\index.php(108): Dispatcher->dispatch(Object(CakeRequest), Object(CakeResponse))
#6 {main}
2015-09-09 20:00:38 Error: Fatal Error (4): syntax error, unexpected '=>' (T_DOUBLE_ARROW) in [C:\wamp\www\cobranza\cobranza\app\Controller\GestionController.php, line 53]
2015-09-09 20:00:38 Error: [FatalErrorException] syntax error, unexpected '=>' (T_DOUBLE_ARROW)
Request URL: /cobranza/cobranza/gestion/admin_index
Stack Trace:
#0 C:\wamp\www\cobranza\cobranza\lib\Cake\Error\ErrorHandler.php(203): ErrorHandler::handleFatalError(4, 'syntax error, u...', 'C:\wamp\www\cob...', 53)
#1 [internal function]: ErrorHandler::handleError(4, 'syntax error, u...', 'C:\wamp\www\cob...', 53, Array)
#2 C:\wamp\www\cobranza\cobranza\lib\Cake\Core\App.php(931): call_user_func('ErrorHandler::h...', 4, 'syntax error, u...', 'C:\wamp\www\cob...', 53, Array)
#3 C:\wamp\www\cobranza\cobranza\lib\Cake\Core\App.php(904): App::_checkFatalError()
#4 [internal function]: App::shutdown()
#5 {main}
2015-09-09 20:05:17 Error: [MissingModelException] ClientGest
Request URL: /cobranza/cobranza/gestion/admin_index
Stack Trace:
#0 C:\wamp\www\cobranza\cobranza\app\Controller\GestionController.php(52): PaginatorComponent->paginate('ClientGest')
#1 [internal function]: GestionController->admin_index()
#2 C:\wamp\www\cobranza\cobranza\lib\Cake\Controller\Controller.php(490): ReflectionMethod->invokeArgs(Object(GestionController), Array)
#3 C:\wamp\www\cobranza\cobranza\lib\Cake\Routing\Dispatcher.php(191): Controller->invokeAction(Object(CakeRequest))
#4 C:\wamp\www\cobranza\cobranza\lib\Cake\Routing\Dispatcher.php(165): Dispatcher->_invoke(Object(GestionController), Object(CakeRequest))
#5 C:\wamp\www\cobranza\cobranza\app\webroot\index.php(108): Dispatcher->dispatch(Object(CakeRequest), Object(CakeResponse))
#6 {main}
2015-09-09 20:29:59 Error: [MissingModelException] all
Request URL: /cobranza/cobranza/gestion/prueba_index
Stack Trace:
#0 C:\wamp\www\cobranza\cobranza\app\Controller\GestionController.php(54): PaginatorComponent->paginate('all', Array)
#1 [internal function]: GestionController->prueba_index()
#2 C:\wamp\www\cobranza\cobranza\lib\Cake\Controller\Controller.php(490): ReflectionMethod->invokeArgs(Object(GestionController), Array)
#3 C:\wamp\www\cobranza\cobranza\lib\Cake\Routing\Dispatcher.php(191): Controller->invokeAction(Object(CakeRequest))
#4 C:\wamp\www\cobranza\cobranza\lib\Cake\Routing\Dispatcher.php(165): Dispatcher->_invoke(Object(GestionController), Object(CakeRequest))
#5 C:\wamp\www\cobranza\cobranza\app\webroot\index.php(108): Dispatcher->dispatch(Object(CakeRequest), Object(CakeResponse))
#6 {main}
2015-09-09 20:30:43 Error: [PDOException] SQLSTATE[42000]: Syntax error or access violation: 1064 You have an error in your SQL syntax; check the manual that corresponds to your MySQL server version for the right syntax to use near 'group = ('Cobranza.CEDULAORIF') AND `joins` IN (Array, Array, Array)    LIMIT 5' at line 1
Request URL: /cobranza/cobranza/gestion/prueba_index
Stack Trace:
#0 C:\wamp\www\cobranza\cobranza\lib\Cake\Model\Datasource\DboSource.php(458): PDOStatement->execute(Array)
#1 C:\wamp\www\cobranza\cobranza\lib\Cake\Model\Datasource\DboSource.php(424): DboSource->_execute('SELECT `ClienGe...', Array)
#2 C:\wamp\www\cobranza\cobranza\lib\Cake\Model\Datasource\DboSource.php(666): DboSource->execute('SELECT `ClienGe...', Array, Array)
#3 C:\wamp\www\cobranza\cobranza\lib\Cake\Model\Datasource\DboSource.php(1106): DboSource->fetchAll('SELECT `ClienGe...', false)
#4 C:\wamp\www\cobranza\cobranza\lib\Cake\Model\Model.php(2947): DboSource->read(Object(ClienGest), Array)
#5 C:\wamp\www\cobranza\cobranza\lib\Cake\Model\Model.php(2919): Model->_readDataSource('all', Array)
#6 C:\wamp\www\cobranza\cobranza\lib\Cake\Controller\Component\PaginatorComponent.php(196): Model->find('all', Array)
#7 C:\wamp\www\cobranza\cobranza\app\Controller\GestionController.php(54): PaginatorComponent->paginate('ClienGest', Array)
#8 [internal function]: GestionController->prueba_index()
#9 C:\wamp\www\cobranza\cobranza\lib\Cake\Controller\Controller.php(490): ReflectionMethod->invokeArgs(Object(GestionController), Array)
#10 C:\wamp\www\cobranza\cobranza\lib\Cake\Routing\Dispatcher.php(191): Controller->invokeAction(Object(CakeRequest))
#11 C:\wamp\www\cobranza\cobranza\lib\Cake\Routing\Dispatcher.php(165): Dispatcher->_invoke(Object(GestionController), Object(CakeRequest))
#12 C:\wamp\www\cobranza\cobranza\app\webroot\index.php(108): Dispatcher->dispatch(Object(CakeRequest), Object(CakeResponse))
#13 {main}
2015-09-09 20:32:08 Error: [PDOException] SQLSTATE[42000]: Syntax error or access violation: 1064 You have an error in your SQL syntax; check the manual that corresponds to your MySQL server version for the right syntax to use near 'group = ('Cobranza.CEDULAORIF') AND `joins` IN (Array, Array, Array)    LIMIT 5' at line 1
Request URL: /cobranza/cobranza/gestion/prueba_index
Stack Trace:
#0 C:\wamp\www\cobranza\cobranza\lib\Cake\Model\Datasource\DboSource.php(458): PDOStatement->execute(Array)
#1 C:\wamp\www\cobranza\cobranza\lib\Cake\Model\Datasource\DboSource.php(424): DboSource->_execute('SELECT `ClienGe...', Array)
#2 C:\wamp\www\cobranza\cobranza\lib\Cake\Model\Datasource\DboSource.php(666): DboSource->execute('SELECT `ClienGe...', Array, Array)
#3 C:\wamp\www\cobranza\cobranza\lib\Cake\Model\Datasource\DboSource.php(1106): DboSource->fetchAll('SELECT `ClienGe...', false)
#4 C:\wamp\www\cobranza\cobranza\lib\Cake\Model\Model.php(2947): DboSource->read(Object(ClienGest), Array)
#5 C:\wamp\www\cobranza\cobranza\lib\Cake\Model\Model.php(2919): Model->_readDataSource('all', Array)
#6 C:\wamp\www\cobranza\cobranza\lib\Cake\Controller\Component\PaginatorComponent.php(196): Model->find('all', Array)
#7 C:\wamp\www\cobranza\cobranza\app\Controller\GestionController.php(54): PaginatorComponent->paginate('ClienGest', Array)
#8 [internal function]: GestionController->prueba_index()
#9 C:\wamp\www\cobranza\cobranza\lib\Cake\Controller\Controller.php(490): ReflectionMethod->invokeArgs(Object(GestionController), Array)
#10 C:\wamp\www\cobranza\cobranza\lib\Cake\Routing\Dispatcher.php(191): Controller->invokeAction(Object(CakeRequest))
#11 C:\wamp\www\cobranza\cobranza\lib\Cake\Routing\Dispatcher.php(165): Dispatcher->_invoke(Object(GestionController), Object(CakeRequest))
#12 C:\wamp\www\cobranza\cobranza\app\webroot\index.php(108): Dispatcher->dispatch(Object(CakeRequest), Object(CakeResponse))
#13 {main}
2015-09-09 14:21:59 Error: Fatal Error (4): syntax error, unexpected ',' in [C:\wamp\www\cobranza\cobranza\app\Controller\GestionController.php, line 22]
2015-09-09 14:21:59 Error: [FatalErrorException] syntax error, unexpected ','
Request URL: /cobranza/cobranza/gestion/prueba_index
Stack Trace:
#0 C:\wamp\www\cobranza\cobranza\lib\Cake\Error\ErrorHandler.php(203): ErrorHandler::handleFatalError(4, 'syntax error, u...', 'C:\wamp\www\cob...', 22)
#1 [internal function]: ErrorHandler::handleError(4, 'syntax error, u...', 'C:\wamp\www\cob...', 22, Array)
#2 C:\wamp\www\cobranza\cobranza\lib\Cake\Core\App.php(931): call_user_func('ErrorHandler::h...', 4, 'syntax error, u...', 'C:\wamp\www\cob...', 22, Array)
#3 C:\wamp\www\cobranza\cobranza\lib\Cake\Core\App.php(904): App::_checkFatalError()
#4 [internal function]: App::shutdown()
#5 {main}
2015-09-09 14:22:15 Error: [MissingModelException] all
Request URL: /cobranza/cobranza/gestion/prueba_index
Stack Trace:
#0 C:\wamp\www\cobranza\cobranza\lib\Cake\Controller\Controller.php(1080): PaginatorComponent->paginate('all', Array, Array)
#1 C:\wamp\www\cobranza\cobranza\app\Controller\GestionController.php(53): Controller->paginate('all')
#2 [internal function]: GestionController->prueba_index()
#3 C:\wamp\www\cobranza\cobranza\lib\Cake\Controller\Controller.php(490): ReflectionMethod->invokeArgs(Object(GestionController), Array)
#4 C:\wamp\www\cobranza\cobranza\lib\Cake\Routing\Dispatcher.php(191): Controller->invokeAction(Object(CakeRequest))
#5 C:\wamp\www\cobranza\cobranza\lib\Cake\Routing\Dispatcher.php(165): Dispatcher->_invoke(Object(GestionController), Object(CakeRequest))
#6 C:\wamp\www\cobranza\cobranza\app\webroot\index.php(108): Dispatcher->dispatch(Object(CakeRequest), Object(CakeResponse))
#7 {main}
2015-09-09 14:27:26 Error: [PDOException] SQLSTATE[42S22]: Column not found: 1054 Unknown column 'Cobranza' in 'where clause'
Request URL: /cobranza/cobranza/gestion/prueba_index
Stack Trace:
#0 C:\wamp\www\cobranza\cobranza\lib\Cake\Model\Datasource\DboSource.php(458): PDOStatement->execute(Array)
#1 C:\wamp\www\cobranza\cobranza\lib\Cake\Model\Datasource\DboSource.php(424): DboSource->_execute('SELECT `ClienGe...', Array)
#2 C:\wamp\www\cobranza\cobranza\lib\Cake\Model\Datasource\DboSource.php(666): DboSource->execute('SELECT `ClienGe...', Array, Array)
#3 C:\wamp\www\cobranza\cobranza\lib\Cake\Model\Datasource\DboSource.php(1106): DboSource->fetchAll('SELECT `ClienGe...', false)
#4 C:\wamp\www\cobranza\cobranza\lib\Cake\Model\Model.php(2947): DboSource->read(Object(ClienGest), Array)
#5 C:\wamp\www\cobranza\cobranza\lib\Cake\Model\Model.php(2919): Model->_readDataSource('all', Array)
#6 C:\wamp\www\cobranza\cobranza\lib\Cake\Controller\Component\PaginatorComponent.php(196): Model->find('all', Array)
#7 C:\wamp\www\cobranza\cobranza\lib\Cake\Controller\Controller.php(1080): PaginatorComponent->paginate('ClienGest', 'Cobranza', Array)
#8 C:\wamp\www\cobranza\cobranza\app\Controller\GestionController.php(53): Controller->paginate('ClienGest', 'Cobranza')
#9 [internal function]: GestionController->prueba_index()
#10 C:\wamp\www\cobranza\cobranza\lib\Cake\Controller\Controller.php(490): ReflectionMethod->invokeArgs(Object(GestionController), Array)
#11 C:\wamp\www\cobranza\cobranza\lib\Cake\Routing\Dispatcher.php(191): Controller->invokeAction(Object(CakeRequest))
#12 C:\wamp\www\cobranza\cobranza\lib\Cake\Routing\Dispatcher.php(165): Dispatcher->_invoke(Object(GestionController), Object(CakeRequest))
#13 C:\wamp\www\cobranza\cobranza\app\webroot\index.php(108): Dispatcher->dispatch(Object(CakeRequest), Object(CakeResponse))
#14 {main}
2015-09-09 14:28:12 Error: [PDOException] SQLSTATE[42S22]: Column not found: 1054 Unknown column 'ClienGest' in 'where clause'
Request URL: /cobranza/cobranza/gestion/prueba_index
Stack Trace:
#0 C:\wamp\www\cobranza\cobranza\lib\Cake\Model\Datasource\DboSource.php(458): PDOStatement->execute(Array)
#1 C:\wamp\www\cobranza\cobranza\lib\Cake\Model\Datasource\DboSource.php(424): DboSource->_execute('SELECT `User`.`...', Array)
#2 C:\wamp\www\cobranza\cobranza\lib\Cake\Model\Datasource\DboSource.php(666): DboSource->execute('SELECT `User`.`...', Array, Array)
#3 C:\wamp\www\cobranza\cobranza\lib\Cake\Model\Datasource\DboSource.php(1106): DboSource->fetchAll('SELECT `User`.`...', false)
#4 C:\wamp\www\cobranza\cobranza\lib\Cake\Model\Model.php(2947): DboSource->read(Object(User), Array)
#5 C:\wamp\www\cobranza\cobranza\lib\Cake\Model\Model.php(2919): Model->_readDataSource('all', Array)
#6 C:\wamp\www\cobranza\cobranza\lib\Cake\Controller\Component\PaginatorComponent.php(196): Model->find('all', Array)
#7 C:\wamp\www\cobranza\cobranza\lib\Cake\Controller\Controller.php(1080): PaginatorComponent->paginate(Array, Array, Array)
#8 C:\wamp\www\cobranza\cobranza\app\Controller\GestionController.php(53): Controller->paginate(Array)
#9 [internal function]: GestionController->prueba_index()
#10 C:\wamp\www\cobranza\cobranza\lib\Cake\Controller\Controller.php(490): ReflectionMethod->invokeArgs(Object(GestionController), Array)
#11 C:\wamp\www\cobranza\cobranza\lib\Cake\Routing\Dispatcher.php(191): Controller->invokeAction(Object(CakeRequest))
#12 C:\wamp\www\cobranza\cobranza\lib\Cake\Routing\Dispatcher.php(165): Dispatcher->_invoke(Object(GestionController), Object(CakeRequest))
#13 C:\wamp\www\cobranza\cobranza\app\webroot\index.php(108): Dispatcher->dispatch(Object(CakeRequest), Object(CakeResponse))
#14 {main}
2015-09-09 14:28:56 Error: [PDOException] SQLSTATE[42S22]: Column not found: 1054 Unknown column 'ClienGest' in 'where clause'
Request URL: /cobranza/cobranza/gestion/prueba_index
Stack Trace:
#0 C:\wamp\www\cobranza\cobranza\lib\Cake\Model\Datasource\DboSource.php(458): PDOStatement->execute(Array)
#1 C:\wamp\www\cobranza\cobranza\lib\Cake\Model\Datasource\DboSource.php(424): DboSource->_execute('SELECT `User`.`...', Array)
#2 C:\wamp\www\cobranza\cobranza\lib\Cake\Model\Datasource\DboSource.php(666): DboSource->execute('SELECT `User`.`...', Array, Array)
#3 C:\wamp\www\cobranza\cobranza\lib\Cake\Model\Datasource\DboSource.php(1106): DboSource->fetchAll('SELECT `User`.`...', false)
#4 C:\wamp\www\cobranza\cobranza\lib\Cake\Model\Model.php(2947): DboSource->read(Object(User), Array)
#5 C:\wamp\www\cobranza\cobranza\lib\Cake\Model\Model.php(2919): Model->_readDataSource('all', Array)
#6 C:\wamp\www\cobranza\cobranza\lib\Cake\Controller\Component\PaginatorComponent.php(196): Model->find('all', Array)
#7 C:\wamp\www\cobranza\cobranza\lib\Cake\Controller\Controller.php(1080): PaginatorComponent->paginate(Array, Array, Array)
#8 C:\wamp\www\cobranza\cobranza\app\Controller\GestionController.php(53): Controller->paginate(Array)
#9 [internal function]: GestionController->prueba_index()
#10 C:\wamp\www\cobranza\cobranza\lib\Cake\Controller\Controller.php(490): ReflectionMethod->invokeArgs(Object(GestionController), Array)
#11 C:\wamp\www\cobranza\cobranza\lib\Cake\Routing\Dispatcher.php(191): Controller->invokeAction(Object(CakeRequest))
#12 C:\wamp\www\cobranza\cobranza\lib\Cake\Routing\Dispatcher.php(165): Dispatcher->_invoke(Object(GestionController), Object(CakeRequest))
#13 C:\wamp\www\cobranza\cobranza\app\webroot\index.php(108): Dispatcher->dispatch(Object(CakeRequest), Object(CakeResponse))
#14 {main}
2015-09-10 07:45:16 Error: [MissingConnectionException] Database connection "Mysql" is missing, or could not be created.
Exception Attributes: array (
  'class' => 'Mysql',
  'message' => 'SQLSTATE[28000] [1045] Access denied for user \'root\'@\'localhost\' (using password: NO)',
  'enabled' => true,
)
Request URL: /cobranza/
Stack Trace:
#0 /var/www/html/cobranza/lib/Cake/Model/Datasource/DboSource.php(260): Mysql->connect()
#1 /var/www/html/cobranza/lib/Cake/Model/ConnectionManager.php(105): DboSource->__construct(Array)
#2 /var/www/html/cobranza/lib/Cake/Model/Model.php(3539): ConnectionManager::getDataSource('default')
#3 /var/www/html/cobranza/lib/Cake/Model/Model.php(1136): Model->setDataSource('default')
#4 /var/www/html/cobranza/lib/Cake/Model/Model.php(3566): Model->setSource('permisos')
#5 /var/www/html/cobranza/lib/Cake/Model/Model.php(2947): Model->getDataSource()
#6 /var/www/html/cobranza/lib/Cake/Model/Model.php(2919): Model->_readDataSource('first', Array)
#7 /var/www/html/cobranza/app/Controller/AppController.php(115): Model->find('first', Array)
#8 /var/www/html/cobranza/app/Controller/UsersController.php(20): AppController->beforeFilter()
#9 [internal function]: UsersController->beforeFilter(Object(CakeEvent))
#10 /var/www/html/cobranza/lib/Cake/Event/CakeEventManager.php(242): call_user_func(Array, Object(CakeEvent))
#11 /var/www/html/cobranza/lib/Cake/Controller/Controller.php(674): CakeEventManager->dispatch(Object(CakeEvent))
#12 /var/www/html/cobranza/lib/Cake/Routing/Dispatcher.php(187): Controller->startupProcess()
#13 /var/www/html/cobranza/lib/Cake/Routing/Dispatcher.php(165): Dispatcher->_invoke(Object(UsersController), Object(CakeRequest))
#14 /var/www/html/cobranza/app/webroot/index.php(108): Dispatcher->dispatch(Object(CakeRequest), Object(CakeResponse))
#15 {main}
